This file contains any messages produced by compilers while
running configure, to aid debugging if configure makes a mistake.

It was created by configure, which was
generated by GNU Autoconf 2.52.  Invocation command line was

  $ ./configure --prefix=/home/fyc/Documents/Projects/OOFMigrate/_CVS/OOF3D/build/temp.linux-x86_64-2.7-3d/swig-build

## ---------- ##
## Platform.  ##
## ---------- ##

hostname = concorde
uname -m = x86_64
uname -r = 3.13.0-39-generic
uname -s = Linux
uname -v = #66-Ubuntu SMP Tue Oct 28 13:30:27 UTC 2014

/usr/bin/uname -p = unknown
/bin/uname -X     = unknown

/bin/arch              = unknown
/usr/bin/arch -k       = unknown
/usr/convex/getsysinfo = unknown
hostinfo               = unknown
/bin/machine           = unknown
/usr/bin/oslevel       = unknown
/bin/universe          = unknown

PATH = /home/fyc/opt/Sublime Text 2/:/home/fyc/anaconda/bin:/home/fyc/bin:/home/fyc/opt/Sublime Text 2/:/home/fyc/anaconda/bin:/home/fyc/bin:/home/fyc/bin:/usr/local/sbin:/usr/local/bin:/usr/sbin:/usr/bin:/sbin:/bin:/usr/games:/usr/local/games

## ------------ ##
## Core tests.  ##
## ------------ ##

configure:940: PATH=".;."; conftest.sh
./configure: 937: ./configure: conftest.sh: not found
configure:943: $? = 127
configure:954: checking MACHDEP
configure:980: result: linux3
configure:1038: checking for g++
configure:1053: found /usr/bin/g++
configure:1061: result: g++
configure:1076: checking for C++ compiler version
configure:1079: g++ --version </dev/null >&5
g++ (Ubuntu 4.8.2-19ubuntu1) 4.8.2
Copyright (C) 2013 Free Software Foundation, Inc.
This is free software; see the source for copying conditions.  There is NO
warranty; not even for MERCHANTABILITY or FITNESS FOR A PARTICULAR PURPOSE.

configure:1082: $? = 0
configure:1084: g++ -v </dev/null >&5
Using built-in specs.
COLLECT_GCC=g++
COLLECT_LTO_WRAPPER=/usr/lib/gcc/x86_64-linux-gnu/4.8/lto-wrapper
Target: x86_64-linux-gnu
Configured with: ../src/configure -v --with-pkgversion='Ubuntu 4.8.2-19ubuntu1' --with-bugurl=file:///usr/share/doc/gcc-4.8/README.Bugs --enable-languages=c,c++,java,go,d,fortran,objc,obj-c++ --prefix=/usr --program-suffix=-4.8 --enable-shared --enable-linker-build-id --libexecdir=/usr/lib --without-included-gettext --enable-threads=posix --with-gxx-include-dir=/usr/include/c++/4.8 --libdir=/usr/lib --enable-nls --with-sysroot=/ --enable-clocale=gnu --enable-libstdcxx-debug --enable-libstdcxx-time=yes --enable-gnu-unique-object --disable-libmudflap --enable-plugin --with-system-zlib --disable-browser-plugin --enable-java-awt=gtk --enable-gtk-cairo --with-java-home=/usr/lib/jvm/java-1.5.0-gcj-4.8-amd64/jre --enable-java-home --with-jvm-root-dir=/usr/lib/jvm/java-1.5.0-gcj-4.8-amd64 --with-jvm-jar-dir=/usr/lib/jvm-exports/java-1.5.0-gcj-4.8-amd64 --with-arch-directory=amd64 --with-ecj-jar=/usr/share/java/eclipse-ecj.jar --enable-objc-gc --enable-multiarch --disable-werror --with-arch-32=i686 --with-abi=m64 --with-multilib-list=m32,m64,mx32 --with-tune=generic --enable-checking=release --build=x86_64-linux-gnu --host=x86_64-linux-gnu --target=x86_64-linux-gnu
Thread model: posix
gcc version 4.8.2 (Ubuntu 4.8.2-19ubuntu1) 
configure:1087: $? = 0
configure:1089: g++ -V </dev/null >&5
g++: error: unrecognized command line option '-V'
g++: fatal error: no input files
compilation terminated.
configure:1092: $? = 4
configure:1112: checking for C++ compiler default output
configure:1115: g++    conftest.cc  >&5
configure:1118: $? = 0
configure:1147: result: a.out
configure:1152: checking whether the C++ compiler works
configure:1158: ./a.out
configure:1161: $? = 0
configure:1176: result: yes
configure:1183: checking whether we are cross compiling
configure:1185: result: no
configure:1188: checking for executable suffix
configure:1190: g++ -o conftest    conftest.cc  >&5
configure:1193: $? = 0
configure:1215: result: 
configure:1221: checking for object suffix
configure:1239: g++ -c   conftest.cc >&5
configure:1242: $? = 0
configure:1261: result: o
configure:1265: checking whether we are using the GNU C++ compiler
configure:1286: g++ -c   conftest.cc >&5
configure:1289: $? = 0
configure:1292: test -s conftest.o
configure:1295: $? = 0
configure:1307: result: yes
configure:1313: checking whether g++ accepts -g
configure:1331: g++ -c -g  conftest.cc >&5
configure:1334: $? = 0
configure:1337: test -s conftest.o
configure:1340: $? = 0
configure:1350: result: yes
configure:1390: g++ -c -g -O2  conftest.cc >&5
configure:1393: $? = 0
configure:1396: test -s conftest.o
configure:1399: $? = 0
configure:1421: g++ -c -g -O2  conftest.cc >&5
configure: In function 'int main()':
configure:1414:9: error: 'exit' was not declared in this scope
 }
         ^
configure:1424: $? = 1
configure: failed program was:
#line 1409 "configure"
#include "confdefs.h"

int
main ()
{
exit (42);
  ;
  return 0;
}
configure:1390: g++ -c -g -O2  conftest.cc >&5
configure:1393: $? = 0
configure:1396: test -s conftest.o
configure:1399: $? = 0
configure:1421: g++ -c -g -O2  conftest.cc >&5
configure:1424: $? = 0
configure:1427: test -s conftest.o
configure:1430: $? = 0
configure:1495: checking for gcc
configure:1510: found /usr/bin/gcc
configure:1518: result: gcc
configure:1746: checking for C compiler version
configure:1749: gcc --version </dev/null >&5
gcc (Ubuntu 4.8.2-19ubuntu1) 4.8.2
Copyright (C) 2013 Free Software Foundation, Inc.
This is free software; see the source for copying conditions.  There is NO
warranty; not even for MERCHANTABILITY or FITNESS FOR A PARTICULAR PURPOSE.

configure:1752: $? = 0
configure:1754: gcc -v </dev/null >&5
Using built-in specs.
COLLECT_GCC=gcc
COLLECT_LTO_WRAPPER=/usr/lib/gcc/x86_64-linux-gnu/4.8/lto-wrapper
Target: x86_64-linux-gnu
Configured with: ../src/configure -v --with-pkgversion='Ubuntu 4.8.2-19ubuntu1' --with-bugurl=file:///usr/share/doc/gcc-4.8/README.Bugs --enable-languages=c,c++,java,go,d,fortran,objc,obj-c++ --prefix=/usr --program-suffix=-4.8 --enable-shared --enable-linker-build-id --libexecdir=/usr/lib --without-included-gettext --enable-threads=posix --with-gxx-include-dir=/usr/include/c++/4.8 --libdir=/usr/lib --enable-nls --with-sysroot=/ --enable-clocale=gnu --enable-libstdcxx-debug --enable-libstdcxx-time=yes --enable-gnu-unique-object --disable-libmudflap --enable-plugin --with-system-zlib --disable-browser-plugin --enable-java-awt=gtk --enable-gtk-cairo --with-java-home=/usr/lib/jvm/java-1.5.0-gcj-4.8-amd64/jre --enable-java-home --with-jvm-root-dir=/usr/lib/jvm/java-1.5.0-gcj-4.8-amd64 --with-jvm-jar-dir=/usr/lib/jvm-exports/java-1.5.0-gcj-4.8-amd64 --with-arch-directory=amd64 --with-ecj-jar=/usr/share/java/eclipse-ecj.jar --enable-objc-gc --enable-multiarch --disable-werror --with-arch-32=i686 --with-abi=m64 --with-multilib-list=m32,m64,mx32 --with-tune=generic --enable-checking=release --build=x86_64-linux-gnu --host=x86_64-linux-gnu --target=x86_64-linux-gnu
Thread model: posix
gcc version 4.8.2 (Ubuntu 4.8.2-19ubuntu1) 
configure:1757: $? = 0
configure:1759: gcc -V </dev/null >&5
gcc: error: unrecognized command line option '-V'
gcc: fatal error: no input files
compilation terminated.
configure:1762: $? = 4
configure:1765: checking whether we are using the GNU C compiler
configure:1786: gcc -c   conftest.c >&5
configure:1789: $? = 0
configure:1792: test -s conftest.o
configure:1795: $? = 0
configure:1807: result: yes
configure:1813: checking whether gcc accepts -g
configure:1831: gcc -c -g  conftest.c >&5
configure:1834: $? = 0
configure:1837: test -s conftest.o
configure:1840: $? = 0
configure:1850: result: yes
configure:1877: gcc -c -g -O2  conftest.c >&5
conftest.c:2:3: error: unknown type name 'choke'
   choke me
   ^
conftest.c:2:3: error: expected '=', ',', ';', 'asm' or '__attribute__' at end of input
configure:1880: $? = 1
configure: failed program was:
#ifndef __cplusplus
  choke me
#endif
configure:2016: checking for ranlib
configure:2031: found /usr/bin/ranlib
configure:2040: result: ranlib
configure:2056: checking for ar
configure:2071: found /usr/bin/ar
configure:2079: result: ar
configure:2095: checking how to run the C++ preprocessor
configure:2117: g++ -E  conftest.cc
configure:2123: $? = 0
configure:2150: g++ -E  conftest.cc
configure:2147:28: fatal error: ac_nonexistent.h: No such file or directory
   (eval $ac_cpp conftest.$ac_ext) 2>conftest.er1
                            ^
compilation terminated.
configure:2156: $? = 1
configure: failed program was:
#line 2146 "configure"
#include "confdefs.h"
#include <ac_nonexistent.h>
configure:2193: result: g++ -E
configure:2208: g++ -E  conftest.cc
configure:2214: $? = 0
configure:2241: g++ -E  conftest.cc
configure:2238:28: fatal error: ac_nonexistent.h: No such file or directory
   (eval $ac_cpp conftest.$ac_ext) 2>conftest.er1
                            ^
compilation terminated.
configure:2247: $? = 1
configure: failed program was:
#line 2237 "configure"
#include "confdefs.h"
#include <ac_nonexistent.h>
configure:2286: checking for ANSI C header files
configure:2300: g++ -E  conftest.cc
configure:2306: $? = 0
configure:2393: g++ -o conftest -g -O2   conftest.cc  >&5
configure:2396: $? = 0
configure:2398: ./conftest
configure:2401: $? = 0
configure:2414: result: yes
configure:2426: checking for working alloca.h
configure:2444: g++ -o conftest -g -O2   conftest.cc  >&5
configure:2447: $? = 0
configure:2450: test -s conftest
configure:2453: $? = 0
configure:2463: result: yes
configure:2473: checking for alloca
configure:2511: g++ -o conftest -g -O2   conftest.cc  >&5
configure:2481:0: warning: "alloca" redefined [enabled by default]
 #  include <malloc.h>
 ^
In file included from /usr/include/stdlib.h:492:0,
                 from confdefs.h:3,
                 from configure:2479:
/usr/include/alloca.h:35:0: note: this is the location of the previous definition
 # define alloca(size) __builtin_alloca (size)
 ^
configure:2514: $? = 0
configure:2517: test -s conftest
configure:2520: $? = 0
configure:2530: result: yes
configure:2754: checking for bison
configure:2769: found /usr/bin/bison
configure:2777: result: bison -y
configure:2797: checking SO
configure:2807: result: .so
configure:2811: checking LDSHARED
configure:2829: result: gcc -shared
configure:2833: checking CCSHARED
configure:2846: result: -fpic
configure:2852: checking LINKFORSHARED
configure:2866: result: -Xlinker -export-dynamic
configure:2876: checking for dlopen in -ldl
configure:2903: g++ -o conftest -g -O2   conftest.cc -ldl   >&5
configure:2906: $? = 0
configure:2909: test -s conftest
configure:2912: $? = 0
configure:2923: result: yes
configure:2935: checking for shl_load in -ldld
configure:2962: g++ -o conftest -g -O2   conftest.cc -ldld  -ldl  >&5
/usr/bin/ld: cannot find -ldld
collect2: error: ld returned 1 exit status
configure:2965: $? = 1
configure: failed program was:
#line 2943 "configure"
#include "confdefs.h"

/* Override any gcc2 internal prototype to avoid an error.  */
#ifdef __cplusplus
extern "C"
#endif
/* We use char because int might match the return type of a gcc2
   builtin and then its argument prototype would still apply.  */
char shl_load ();
int
main ()
{
shl_load ();
  ;
  return 0;
}
configure:2982: result: no
configure:3002: checking for t_open in -lnsl
configure:3029: g++ -o conftest -g -O2   conftest.cc -lnsl  -ldl  >&5
/tmp/ccLQdjYj.o: In function `main':
/home/fyc/Documents/Projects/OOFMigrate/_CVS/OOF3D/OOFSWIG/configure:3022: undefined reference to `t_open'
collect2: error: ld returned 1 exit status
configure:3032: $? = 1
configure: failed program was:
#line 3010 "configure"
#include "confdefs.h"

/* Override any gcc2 internal prototype to avoid an error.  */
#ifdef __cplusplus
extern "C"
#endif
/* We use char because int might match the return type of a gcc2
   builtin and then its argument prototype would still apply.  */
char t_open ();
int
main ()
{
t_open ();
  ;
  return 0;
}
configure:3049: result: no
configure:3055: checking for gethostbyname in -linet
configure:3082: g++ -o conftest -g -O2   conftest.cc -linet -lnsl -ldl  >&5
/usr/bin/ld: cannot find -linet
collect2: error: ld returned 1 exit status
configure:3085: $? = 1
configure: failed program was:
#line 3063 "configure"
#include "confdefs.h"

/* Override any gcc2 internal prototype to avoid an error.  */
#ifdef __cplusplus
extern "C"
#endif
/* We use char because int might match the return type of a gcc2
   builtin and then its argument prototype would still apply.  */
char gethostbyname ();
int
main ()
{
gethostbyname ();
  ;
  return 0;
}
configure:3102: result: no
configure:3108: checking for socket in -lsocket
configure:3135: g++ -o conftest -g -O2   conftest.cc -lsocket -ldl  -ldl  >&5
/usr/bin/ld: cannot find -lsocket
collect2: error: ld returned 1 exit status
configure:3138: $? = 1
configure: failed program was:
#line 3116 "configure"
#include "confdefs.h"

/* Override any gcc2 internal prototype to avoid an error.  */
#ifdef __cplusplus
extern "C"
#endif
/* We use char because int might match the return type of a gcc2
   builtin and then its argument prototype would still apply.  */
char socket ();
int
main ()
{
socket ();
  ;
  return 0;
}
configure:3155: result: no
configure:3178: checking for main in -lieee
configure:3198: g++ -o conftest -g -O2   conftest.cc -lieee  -ldl  >&5
configure:3201: $? = 0
configure:3204: test -s conftest
configure:3207: $? = 0
configure:3218: result: yes
configure:3224: checking for crypt in -lcrypt
configure:3251: g++ -o conftest -g -O2   conftest.cc -lcrypt  -ldl  >&5
configure:3254: $? = 0
configure:3257: test -s conftest
configure:3260: $? = 0
configure:3271: result: yes
configure:3300: checking for X
configure:3401: g++ -E  conftest.cc
configure:3407: $? = 0
configure:3452: g++ -o conftest -g -O2   conftest.cc -lXt -ldl  >&5
configure:3455: $? = 0
configure:3458: test -s conftest
configure:3461: $? = 0
configure:3509: result: libraries , headers 
configure:3521: g++ -E  conftest.cc
configure:3518:28: fatal error: X11/XIntrinsic.h: No such file or directory
   (eval $ac_cpp conftest.$ac_ext) 2>conftest.er1
                            ^
compilation terminated.
configure:3527: $? = 1
configure: failed program was:
#line 3517 "configure"
#include "confdefs.h"
#include <X11/XIntrinsic.h>
configure:3552: checking for X11 header files
configure:3560: g++ -E  conftest.cc
configure:3566: $? = 0
configure:3859: checking for Python header files
configure:3873: result: not found
configure:3877: checking for Python library
configure:3899: result: not found
configure:4105: creating ./config.status

## ----------------------- ##
## Running config.status.  ##
## ----------------------- ##

This file was extended by config.status 2.52, executed with
  CONFIG_FILES    = 
  CONFIG_HEADERS  = 
  CONFIG_LINKS    = 
  CONFIG_COMMANDS = 
  > ./config.status 
on concorde

config.status:4557: creating Makefile
config.status:4557: creating SWIG/Makefile
config.status:4557: creating Modules/Makefile
config.status:4557: creating Runtime/Makefile
config.status:4557: creating swig_lib/python/Makefile
config.status:4557: creating Makefile.template

## ----------------- ##
## Cache variables.  ##
## ----------------- ##

ac_cv_c_compiler_gnu='yes'
ac_cv_cxx_compiler_gnu='yes'
ac_cv_env_CC_set=''
ac_cv_env_CC_value=''
ac_cv_env_CFLAGS_set=''
ac_cv_env_CFLAGS_value=''
ac_cv_env_CPPFLAGS_set=''
ac_cv_env_CPPFLAGS_value=''
ac_cv_env_CXXCPP_set=''
ac_cv_env_CXXCPP_value=''
ac_cv_env_CXXFLAGS_set=''
ac_cv_env_CXXFLAGS_value=''
ac_cv_env_CXX_set=''
ac_cv_env_CXX_value=''
ac_cv_env_LDFLAGS_set=''
ac_cv_env_LDFLAGS_value=''
ac_cv_env_build_alias_set=''
ac_cv_env_build_alias_value=''
ac_cv_env_host_alias_set=''
ac_cv_env_host_alias_value=''
ac_cv_env_target_alias_set=''
ac_cv_env_target_alias_value=''
ac_cv_func_alloca_works='yes'
ac_cv_have_x='have_x=yes 		ac_x_includes= ac_x_libraries='
ac_cv_header_stdc='yes'
ac_cv_lib_crypt_crypt='yes'
ac_cv_lib_dl_dlopen='yes'
ac_cv_lib_dld_shl_load='no'
ac_cv_lib_ieee_main='yes'
ac_cv_lib_inet_gethostbyname='no'
ac_cv_lib_nsl_t_open='no'
ac_cv_lib_socket_socket='no'
ac_cv_objext='o'
ac_cv_prog_AR='ar'
ac_cv_prog_CXXCPP='g++ -E'
ac_cv_prog_YACC='bison -y'
ac_cv_prog_ac_ct_CC='gcc'
ac_cv_prog_ac_ct_CXX='g++'
ac_cv_prog_ac_ct_RANLIB='ranlib'
ac_cv_prog_cc_g='yes'
ac_cv_prog_cxx_g='yes'
ac_cv_working_alloca_h='yes'

## ------------ ##
## confdefs.h.  ##
## ------------ ##

#ifdef __cplusplus
#include <stdlib.h>
#endif
#define STDC_HEADERS 1
#define HAVE_ALLOCA_H 1
#define HAVE_ALLOCA 1
#define SWIG_DOC ASCII
#define HAVE_LIBDL 1


configure: exit 0
